0 info it worked if it ends with ok
1 verbose cli [ '/usr/local/anaconda3/bin/node',
1 verbose cli   '/usr/local/anaconda3/bin/npm',
1 verbose cli   'run',
1 verbose cli   'build',
1 verbose cli   'watch' ]
2 info using npm@3.10.10
3 info using node@v6.13.1
4 verbose run-script [ 'prebuild', 'build', 'postbuild' ]
5 info lifecycle trackingtransparency@2.0.18~prebuild: trackingtransparency@2.0.18
6 silly lifecycle trackingtransparency@2.0.18~prebuild: no script for prebuild, continuing
7 info lifecycle trackingtransparency@2.0.18~build: trackingtransparency@2.0.18
8 verbose lifecycle trackingtransparency@2.0.18~build: unsafe-perm in lifecycle true
9 verbose lifecycle trackingtransparency@2.0.18~build: PATH: /usr/local/anaconda3/lib/node_modules/npm/bin/node-gyp-bin:/Users/hugo/MEGA/Work/- UMD/research/- trackingTransparency/trackingtransparency/node_modules/.bin:/usr/local/anaconda3/bin:/Users/hugo/.nvm/versions/node/v14.16.0/bin:/usr/local/anaconda3/condabin:/usr/local/sbin:/usr/local/sbin:/usr/local/sbin:/opt/local/bin:/opt/local/sbin:/usr/local/bin:/System/Cryptexes/App/usr/bin:/usr/bin:/bin:/usr/sbin:/sbin:/Applications/VMware Fusion.app/Contents/Public:/Library/TeX/texbin:/opt/X11/bin:/Library/Apple/usr/bin:/Applications/Wireshark.app/Contents/MacOS
10 verbose lifecycle trackingtransparency@2.0.18~build: CWD: /Users/hugo/MEGA/Work/- UMD/research/- trackingTransparency/trackingtransparency
11 silly lifecycle trackingtransparency@2.0.18~build: Args: [ '-c', 'webpack --progress --config webpack.dev.js "watch"' ]
12 silly lifecycle trackingtransparency@2.0.18~build: Returned: code: 1  signal: null
13 info lifecycle trackingtransparency@2.0.18~build: Failed to exec build script
14 verbose stack Error: trackingtransparency@2.0.18 build: `webpack --progress --config webpack.dev.js "watch"`
14 verbose stack Exit status 1
14 verbose stack     at EventEmitter.<anonymous> (/usr/local/anaconda3/lib/node_modules/npm/lib/utils/lifecycle.js:255:16)
14 verbose stack     at emitTwo (events.js:106:13)
14 verbose stack     at EventEmitter.emit (events.js:191:7)
14 verbose stack     at ChildProcess.<anonymous> (/usr/local/anaconda3/lib/node_modules/npm/lib/utils/spawn.js:40:14)
14 verbose stack     at emitTwo (events.js:106:13)
14 verbose stack     at ChildProcess.emit (events.js:191:7)
14 verbose stack     at maybeClose (internal/child_process.js:920:16)
14 verbose stack     at Process.ChildProcess._handle.onexit (internal/child_process.js:230:5)
15 verbose pkgid trackingtransparency@2.0.18
16 verbose cwd /Users/hugo/MEGA/Work/- UMD/research/- trackingTransparency/trackingtransparency/extension
17 error Darwin 22.3.0
18 error argv "/usr/local/anaconda3/bin/node" "/usr/local/anaconda3/bin/npm" "run" "build" "watch"
19 error node v6.13.1
20 error npm  v3.10.10
21 error code ELIFECYCLE
22 error trackingtransparency@2.0.18 build: `webpack --progress --config webpack.dev.js "watch"`
22 error Exit status 1
23 error Failed at the trackingtransparency@2.0.18 build script 'webpack --progress --config webpack.dev.js "watch"'.
23 error Make sure you have the latest version of node.js and npm installed.
23 error If you do, this is most likely a problem with the trackingtransparency package,
23 error not with npm itself.
23 error Tell the author that this fails on your system:
23 error     webpack --progress --config webpack.dev.js "watch"
23 error You can get information on how to open an issue for this project with:
23 error     npm bugs trackingtransparency
23 error Or if that isn't available, you can get their info via:
23 error     npm owner ls trackingtransparency
23 error There is likely additional logging output above.
24 verbose exit [ 1, true ]
